# JRE version: OpenJDK Runtime Environment (11.0.12+7) (build 11.0.12+7-b1504.28-7817840)
# Java VM: OpenJDK 64-Bit Server VM (11.0.12+7-b1504.28-7817840, mixed mode, tiered, compressed oops, g1 gc, windows-amd64)
Heap:
 garbage-first heap   total 292864K, used 202085K [0x0000000080000000, 0x0000000100000000)
  region size 1024K, 11 young (11264K), 4 survivors (4096K)
 Metaspace       used 167766K, capacity 172626K, committed 173440K, reserved 1200128K
  class space    used 20415K, capacity 22203K, committed 22400K, reserved 1048576K
GC Heap History (20 events):
Event: 16819.269 GC heap before
{Heap before GC invocations=231 (full 0):
 garbage-first heap   total 292864K, used 169017K [0x0000000080000000, 0x0000000100000000)
  region size 1024K, 14 young (14336K), 5 survivors (5120K)
 Metaspace       used 166835K, capacity 171561K, committed 172032K, reserved 1200128K
  class space    used 20409K, capacity 22176K, committed 22272K, reserved 1048576K
}
Event: 16819.299 GC heap after
{Heap after GC invocations=232 (full 0):
 garbage-first heap   total 292864K, used 155435K [0x0000000080000000, 0x0000000100000000)
  region size 1024K, 2 young (2048K), 2 survivors (2048K)
 Metaspace       used 166835K, capacity 171561K, committed 172032K, reserved 1200128K
  class space    used 20409K, capacity 22176K, committed 22272K, reserved 1048576K
}
Event: 18372.454 GC heap before
{Heap before GC invocations=232 (full 0):
 garbage-first heap   total 292864K, used 218923K [0x0000000080000000, 0x0000000100000000)
  region size 1024K, 64 young (65536K), 2 survivors (2048K)
 Metaspace       used 167550K, capacity 172480K, committed 172672K, reserved 1200128K
  class space    used 20478K, capacity 22297K, committed 22400K, reserved 1048576K
}
Event: 18372.483 GC heap after
{Heap after GC invocations=233 (full 0):
 garbage-first heap   total 292864K, used 158255K [0x0000000080000000, 0x0000000100000000)
  region size 1024K, 5 young (5120K), 5 survivors (5120K)
 Metaspace       used 167550K, capacity 172480K, committed 172672K, reserved 1200128K
  class space    used 20478K, capacity 22297K, committed 22400K, reserved 1048576K
}
Event: 21665.111 GC heap before
{Heap before GC invocations=234 (full 0):
 garbage-first heap   total 292864K, used 223791K [0x0000000080000000, 0x0000000100000000)
  region size 1024K, 69 young (70656K), 5 survivors (5120K)
 Metaspace       used 167069K, capacity 171707K, committed 172672K, reserved 1200128K
  class space    used 20337K, capacity 22018K, committed 22400K, reserved 1048576K
}
Event: 21665.159 GC heap after
{Heap after GC invocations=235 (full 0):
 garbage-first heap   total 292864K, used 158759K [0x0000000080000000, 0x0000000100000000)
  region size 1024K, 5 young (5120K), 5 survivors (5120K)
 Metaspace       used 167069K, capacity 171707K, committed 172672K, reserved 1200128K
  class space    used 20337K, capacity 22018K, committed 22400K, reserved 1048576K
}
Event: 21667.642 GC heap before
{Heap before GC invocations=235 (full 0):
 garbage-first heap   total 292864K, used 166951K [0x0000000080000000, 0x0000000100000000)
  region size 1024K, 14 young (14336K), 5 survivors (5120K)
 Metaspace       used 167350K, capacity 172167K, committed 172672K, reserved 1200128K
  class space    used 20400K, capacity 22132K, committed 22400K, reserved 1048576K
}
Event: 21668.053 GC heap after
{Heap after GC invocations=236 (full 0):
 garbage-first heap   total 292864K, used 158494K [0x0000000080000000, 0x0000000100000000)
  region size 1024K, 2 young (2048K), 2 survivors (2048K)
 Metaspace       used 167350K, capacity 172167K, committed 172672K, reserved 1200128K
  class space    used 20400K, capacity 22132K, committed 22400K, reserved 1048576K
}
Event: 21674.730 GC heap before
{Heap before GC invocations=236 (full 0):
 garbage-first heap   total 292864K, used 203550K [0x0000000080000000, 0x0000000100000000)
  region size 1024K, 47 young (48128K), 2 survivors (2048K)
 Metaspace       used 167947K, capacity 173014K, committed 173184K, reserved 1200128K
  class space    used 20484K, capacity 22288K, committed 22400K, reserved 1048576K
}
Event: 21674.801 GC heap after
{Heap after GC invocations=237 (full 0):
 garbage-first heap   total 292864K, used 165458K [0x0000000080000000, 0x0000000100000000)
  region size 1024K, 6 young (6144K), 6 survivors (6144K)
 Metaspace       used 167947K, capacity 173014K, committed 173184K, reserved 1200128K
  class space    used 20484K, capacity 22288K, committed 22400K, reserved 1048576K
}
Event: 21686.984 GC heap before
{Heap before GC invocations=238 (full 0):
 garbage-first heap   total 292864K, used 208466K [0x0000000080000000, 0x0000000100000000)
  region size 1024K, 47 young (48128K), 6 survivors (6144K)
 Metaspace       used 167552K, capacity 172375K, committed 173440K, reserved 1200128K
  class space    used 20396K, capacity 22182K, committed 22400K, reserved 1048576K
}
Event: 21687.727 GC heap after
{Heap after GC invocations=239 (full 0):
 garbage-first heap   total 292864K, used 181939K [0x0000000080000000, 0x0000000100000000)
  region size 1024K, 6 young (6144K), 6 survivors (6144K)
 Metaspace       used 167552K, capacity 172375K, committed 173440K, reserved 1200128K
  class space    used 20396K, capacity 22182K, committed 22400K, reserved 1048576K
}
Event: 21691.202 GC heap before
{Heap before GC invocations=239 (full 0):
 garbage-first heap   total 292864K, used 190131K [0x0000000080000000, 0x0000000100000000)
  region size 1024K, 14 young (14336K), 6 survivors (6144K)
 Metaspace       used 167578K, capacity 172375K, committed 173440K, reserved 1200128K
  class space    used 20396K, capacity 22182K, committed 22400K, reserved 1048576K
}
Event: 21691.551 GC heap after
{Heap after GC invocations=240 (full 0):
 garbage-first heap   total 292864K, used 176640K [0x0000000080000000, 0x0000000100000000)
  region size 1024K, 2 young (2048K), 2 survivors (2048K)
 Metaspace       used 167578K, capacity 172375K, committed 173440K, reserved 1200128K
  class space    used 20396K, capacity 22182K, committed 22400K, reserved 1048576K
}
Event: 21696.004 GC heap before
{Heap before GC invocations=240 (full 0):
 garbage-first heap   total 292864K, used 190976K [0x0000000080000000, 0x0000000100000000)
  region size 1024K, 14 young (14336K), 2 survivors (2048K)
 Metaspace       used 167589K, capacity 172375K, committed 173440K, reserved 1200128K
  class space    used 20396K, capacity 22182K, committed 22400K, reserved 1048576K
}
Event: 21696.060 GC heap after
{Heap after GC invocations=241 (full 0):
 garbage-first heap   total 292864K, used 175104K [0x0000000080000000, 0x0000000100000000)
  region size 1024K, 2 young (2048K), 2 survivors (2048K)
 Metaspace       used 167589K, capacity 172375K, committed 173440K, reserved 1200128K
  class space    used 20396K, capacity 22182K, committed 22400K, reserved 1048576K
}
Event: 21699.544 GC heap before
{Heap before GC invocations=241 (full 0):
 garbage-first heap   total 292864K, used 187392K [0x0000000080000000, 0x0000000100000000)
  region size 1024K, 14 young (14336K), 2 survivors (2048K)
 Metaspace       used 167599K, capacity 172375K, committed 173440K, reserved 1200128K
  class space    used 20396K, capacity 22182K, committed 22400K, reserved 1048576K
}
Event: 21699.562 GC heap after
{Heap after GC invocations=242 (full 0):
 garbage-first heap   total 292864K, used 181954K [0x0000000080000000, 0x0000000100000000)
  region size 1024K, 2 young (2048K), 2 survivors (2048K)
 Metaspace       used 167599K, capacity 172375K, committed 173440K, reserved 1200128K
  class space    used 20396K, capacity 22182K, committed 22400K, reserved 1048576K
}
Event: 21704.820 GC heap before
{Heap before GC invocations=242 (full 0):
 garbage-first heap   total 292864K, used 207554K [0x0000000080000000, 0x0000000100000000)
  region size 1024K, 27 young (27648K), 2 survivors (2048K)
 Metaspace       used 167766K, capacity 172626K, committed 173440K, reserved 1200128K
  class space    used 20415K, capacity 22203K, committed 22400K, reserved 1048576K
}
Event: 21704.839 GC heap after
{Heap after GC invocations=243 (full 0):
 garbage-first heap   total 292864K, used 187749K [0x0000000080000000, 0x0000000100000000)
  region size 1024K, 4 young (4096K), 4 survivors (4096K)
 Metaspace       used 167766K, capacity 172626K, committed 173440K, reserved 1200128K
  class space    used 20415K, capacity 22203K, committed 22400K, reserved 1048576K
}

